Assembler report for example_mixed1
Tue Aug 23 19:55:09 2016
Quartus II 64-Bit Version 15.0.0 Build 145 04/22/2015 SJ Web Edition


---------------------
; Table of Contents ;
---------------------
  1. Legal Notice
  2. Assembler Summary
  3. Assembler Settings
  4. Assembler Generated Files
  5. Assembler Device Options: C:/Users/Tortoise/Documents/School/ECE 380/Lab 1/designstyle3/output_files/example_mixed1.sof
  6. Assembler Messages



----------------
; Legal Notice ;
----------------
Copyright (C) 1991-2015 Altera Corporation. All rights reserved.
Your use of Altera Corporation's design tools, logic functions 
and other software and tools, and its AMPP partner logic 
functions, and any output files from any of the foregoing 
(including device programming or simulation files), and any 
associated documentation or information are expressly subject 
to the terms and conditions of the Altera Program License 
Subscription Agreement, the Altera Quartus II License Agreement,
the Altera MegaCore Function License Agreement, or other 
applicable license agreement, including, without limitation, 
that your use is for the sole purpose of programming logic 
devices manufactured by Altera and sold by Altera or its 
authorized distributors.  Please refer to the applicable 
agreement for further details.



+---------------------------------------------------------------+
; Assembler Summary                                             ;
+-----------------------+---------------------------------------+
; Assembler Status      ; Successful - Tue Aug 23 19:55:09 2016 ;
; Revision Name         ; example_mixed1                        ;
; Top-level Entity Name ; example_mixed1                        ;
; Family                ; Cyclone V                             ;
; Device                ; 5CSEMA5F31C6                          ;
+-----------------------+---------------------------------------+


+----------------------------------+
; Assembler Settings               ;
+--------+---------+---------------+
; Option ; Setting ; Default Value ;
+--------+---------+---------------+


+-----------------------------------------------------------------------------------------------+
; Assembler Generated Files                                                                     ;
+-----------------------------------------------------------------------------------------------+
; File Name                                                                                     ;
+-----------------------------------------------------------------------------------------------+
; C:/Users/Tortoise/Documents/School/ECE 380/Lab 1/designstyle3/output_files/example_mixed1.sof ;
+-----------------------------------------------------------------------------------------------+


+-------------------------------------------------------------------------------------------------------------------------+
; Assembler Device Options: C:/Users/Tortoise/Documents/School/ECE 380/Lab 1/designstyle3/output_files/example_mixed1.sof ;
+----------------+--------------------------------------------------------------------------------------------------------+
; Option         ; Setting                                                                                                ;
+----------------+--------------------------------------------------------------------------------------------------------+
; Device         ; 5CSEMA5F31C6                                                                                           ;
; JTAG usercode  ; 0x00AF5556                                                                                             ;
; Checksum       ; 0x00AF5556                                                                                             ;
+----------------+--------------------------------------------------------------------------------------------------------+


+--------------------+
; Assembler Messages ;
+--------------------+
Info: *******************************************************************
Info: Running Quartus II 64-Bit Assembler
    Info: Version 15.0.0 Build 145 04/22/2015 SJ Web Edition
    Info: Processing started: Tue Aug 23 19:54:59 2016
Info: Command: quartus_asm --read_settings_files=off --write_settings_files=off example_mixed1 -c example_mixed1
Info (115030): Assembler is generating device programming files
Info: Quartus II 64-Bit Assembler was successful. 0 errors, 1 warning
    Info: Peak virtual memory: 734 megabytes
    Info: Processing ended: Tue Aug 23 19:55:09 2016
    Info: Elapsed time: 00:00:10
    Info: Total CPU time (on all processors): 00:00:10


